1505747383282	geckodriver	INFO	geckodriver 0.18.0
1505747383290	geckodriver	INFO	Listening on 127.0.0.1:14733
1505747385318	geckodriver::marionette	INFO	Starting browser C:\Program Files (x86)\Mozilla Firefox\firefox.exe with args ["-marionette"]
1505747386178	addons.xpi	WARN	Error parsing extensions state: [Exception... "Component returned failure code: 0x80520012 (NS_ERROR_FILE_NOT_FOUND) [amIAddonManagerStartup.readStartupData]"  nsresult: "0x80520012 (NS_ERROR_FILE_NOT_FOUND)"  location: "JS frame :: resource://gre/modules/addons/XPIProvider.jsm :: loadExtensionState :: line 1544"  data: no] Stack trace: loadExtensionState()@resource://gre/modules/addons/XPIProvider.jsm:1544 < getInstallState()@resource://gre/modules/addons/XPIProvider.jsm:1579 < checkForChanges()@resource://gre/modules/addons/XPIProvider.jsm:3099 < startup()@resource://gre/modules/addons/XPIProvider.jsm:2178 < callProvider()@resource://gre/modules/AddonManager.jsm:269 < _startProvider()@resource://gre/modules/AddonManager.jsm:739 < startup()@resource://gre/modules/AddonManager.jsm:906 < startup()@resource://gre/modules/AddonManager.jsm:3090 < observe()@jar:file:///C:/Program%20Files%20(x86)/Mozilla%20Firefox/omni.ja!/components/addonManager.js:65
1505747386387	addons.xpi	WARN	Exception running bootstrap method startup on clicktoplay-rollout@mozilla.org: [Exception... "Component returned failure code: 0x8000ffff (NS_ERROR_UNEXPECTED) [nsIPrefBranch.getStringPref]"  nsresult: "0x8000ffff (NS_ERROR_UNEXPECTED)"  location: "JS frame :: resource://gre/modules/addons/XPIProvider.jsm -> jar:file:///C:/Program%20Files%20(x86)/Mozilla%20Firefox/browser/features/clicktoplay-rollout@mozilla.org.xpi!/bootstrap.js :: defineCohort :: line 49"  data: no] Stack trace: defineCohort()@resource://gre/modules/addons/XPIProvider.jsm -> jar:file:///C:/Program%20Files%20(x86)/Mozilla%20Firefox/browser/features/clicktoplay-rollout@mozilla.org.xpi!/bootstrap.js:49 < startup()@resource://gre/modules/addons/XPIProvider.jsm -> jar:file:///C:/Program%20Files%20(x86)/Mozilla%20Firefox/browser/features/clicktoplay-rollout@mozilla.org.xpi!/bootstrap.js:40 < callBootstrapMethod()@resource://gre/modules/addons/XPIProvider.jsm:4395 < startup()@resource://gre/modules/addons/XPIProvider.jsm:2229 < callProvider()@resource://gre/modules/AddonManager.jsm:269 < _startProvider()@resource://gre/modules/AddonManager.jsm:739 < startup()@resource://gre/modules/AddonManager.jsm:906 < startup()@resource://gre/modules/AddonManager.jsm:3090 < observe()@jar:file:///C:/Program%20Files%20(x86)/Mozilla%20Firefox/omni.ja!/components/addonManager.js:65
1505747386858	Marionette	INFO	Enabled via --marionette
[Child 8912] WARNING: pipe error: 109: file z:/build/build/src/ipc/chromium/src/chrome/common/ipc_channel_win.cc, line 346
[Child 8912] WARNING: pipe error: 109: file z:/build/build/src/ipc/chromium/src/chrome/common/ipc_channel_win.cc, line 346
1505747391105	Marionette	INFO	Listening on port 14739
1505747391582	Marionette	WARN	TLS certificate errors will be ignored for this session
1505747391625	Marionette	DEBUG	Register listener.js for window 6442450945
1505747391653	Marionette	DEBUG	Received DOM event "beforeunload" for "about:blank"
1505747392123	Marionette	DEBUG	Received DOM event "pagehide" for "about:blank"
1505747392123	Marionette	DEBUG	Received DOM event "unload" for "about:blank"
1505747394906	Marionette	DEBUG	Received DOM event "DOMContentLoaded" for "https://www.yahoo.com/"
[Parent 9664] WARNING: pipe error: 109: file z:/build/build/src/ipc/chromium/src/chrome/common/ipc_channel_win.cc, line 346
JavaScript error: https://tpc.googlesyndication.com/pagead/gadgets/~deexit/dynamic_utils/jquery2/jquery2.min.js, line 40: TypeError: t is null
1505747400342	Marionette	DEBUG	Received DOM event "pageshow" for "https://www.yahoo.com/"
1505747400892	Marionette	DEBUG	Received DOM event "beforeunload" for "https://www.yahoo.com/"
1505747401507	Marionette	DEBUG	Received DOM event "pagehide" for "https://www.yahoo.com/"
1505747401509	Marionette	DEBUG	Received DOM event "unload" for "https://www.yahoo.com/"
1505747402335	Marionette	DEBUG	Received DOM event "DOMContentLoaded" for "https://search.yahoo.com/search?p=software+testing&fr=yfp-t&fp=1&toggle=1&cop=mss&ei=UTF-8"
1505747402335	Marionette	DEBUG	Received observer notification "outer-window-destroyed" for "6442450955"
1505747402336	Marionette	DEBUG	Received observer notification "outer-window-destroyed" for "6442450962"
1505747402336	Marionette	DEBUG	Received observer notification "outer-window-destroyed" for "6442450965"
1505747402336	Marionette	DEBUG	Received observer notification "outer-window-destroyed" for "6442450957"
1505747402337	Marionette	DEBUG	Received observer notification "outer-window-destroyed" for "6442450958"
1505747402337	Marionette	DEBUG	Received observer notification "outer-window-destroyed" for "6442450953"
1505747402337	Marionette	DEBUG	Received observer notification "outer-window-destroyed" for "6442450950"
1505747402338	Marionette	DEBUG	Received observer notification "outer-window-destroyed" for "6442450949"
1505747402633	Marionette	DEBUG	Received DOM event "pageshow" for "https://search.yahoo.com/search?p=software+testing&fr=yfp-t&fp=1&toggle=1&cop=mss&ei=UTF-8"
1505747407693	Marionette	INFO	New connections will no longer be accepted
[Parent 9664] WARNING: pipe error: 109: file z:/build/build/src/ipc/chromium/src/chrome/common/ipc_channel_win.cc, line 346
gle=1&cop=mss&ei=UTF-8"
1505747366742	Marionette	INFO	New connections will no longer be accepted
[Parent 10884] WARNING: pipe error: 109: file z:/build/build/src/ipc/chromium/src/chrome/common/ipc_channel_win.cc, line 346
cc, line 346
[Child 8356] WARNING: pipe error: 109: file z:/build/build/src/ipc/chromium/src/chrome/common/ipc_channel_win.cc, line 346
[GPU 4692] WARNING: pipe error: 109: file z:/build/build/src/ipc/chromium/src/chrome/common/ipc_channel_win.cc, line 346

###!!! [Child][MessageChannel::SendAndWait] Error: Channel error: cannot send/recv

7590	addons.xpi	DEBUG	New add-on shield-recipe-client@mozilla.org in app-system-defaults
1505631367590	addons.xpi	INFO	Mapping shield-recipe-client@mozilla.org to C:\Program Files (x86)\Mozilla Firefox\browser\features\shield-recipe-client@mozilla.org.xpi
1505631367590	addons.xpi	DEBUG	New add-on webcompat@mozilla.org in app-system-defaults
1505631367591	addons.xpi	INFO	Mapping webcompat@mozilla.org to C:\Program Files (x86)\Mozilla Firefox\browser\features\webcompat@mozilla.org.xpi
1505631367591	addons.xpi	INFO	Mapping {972ce4c6-7e08-4474-a285-3208198ce6fd} to C:\Program Files (x86)\Mozilla Firefox\browser\extensions\{972ce4c6-7e08-4474-a285-3208198ce6fd}.xpi
1505631367591	addons.xpi	DEBUG	New add-on {972ce4c6-7e08-4474-a285-3208198ce6fd} in app-global
1505631367592	addons.xpi	INFO	Mapping {972ce4c6-7e08-4474-a285-3208198ce6fd} to C:\Program Files (x86)\Mozilla Firefox\browser\extensions\{972ce4c6-7e08-4474-a285-3208198ce6fd}.xpi
1505631367592	addons.xpi	DEBUG	getInstallState changed: true, state: {}
1505631367592	addons.xpi	INFO	SystemAddonInstallLocation directory is missing
1505631367597	addons.xpi-utils	DEBUG	Opening XPI database C:\Users\Tomer\AppData\Local\Temp\rust_mozprofile.ka3k6eZzr0uc\extensions.json
1505631367599	addons.xpi-utils	DEBUG	New add-on activity-stream@mozilla.org installed in app-system-defaults
*** Blocklist::_loadBlocklistFromFile: blocklist is disabled
1505631367619	DeferredSave.extensions.json	DEBUG	Save changes
1505631367620	addons.xpi-utils	DEBUG	New add-on aushelper@mozilla.org installed in app-system-defaults
1505631367622	DeferredSave.extensions.json	DEBUG	Starting timer
1505631367623	DeferredSave.extensions.json	DEBUG	Save changes
1505631367623	addons.xpi-utils	DEBUG	New add-on clicktoplay-rollout@mozilla.org installed in app-system-defaults
1505631367626	DeferredSave.extensions.json	DEBUG	Save changes
1505631367626	addons.xpi-utils	DEBUG	New add-on e10srollout@mozilla.org installed in app-system-defaults
1505631367629	DeferredSave.extensions.json	DEBUG	Save changes
1505631367629	addons.xpi-utils	DEBUG	New add-on firefox@getpocket.com installed in app-system-defaults
1505631367632	DeferredSave.extensions.json	DEBUG	Save changes
1505631367632	addons.xpi-utils	DEBUG	New add-on followonsearch@mozilla.com installed in app-system-defaults
1505631367635	DeferredSave.extensions.json	DEBUG	Save changes
1505631367635	addons.xpi-utils	DEBUG	New add-on formautofill@mozilla.org installed in app-system-defaults
1505631367637	DeferredSave.extensions.json	DEBUG	Save changes
1505631367637	addons.xpi-utils	DEBUG	New add-on onboarding@mozilla.org installed in app-system-defaults
1505631367640	DeferredSave.extensions.json	DEBUG	Save changes
1505631367640	addons.xpi-utils	DEBUG	New add-on screenshots@mozilla.org installed in app-system-defaults
1505631367644	DeferredSave.extensions.json	DEBUG	Save changes
1505631367644	addons.xpi-utils	DEBUG	New add-on shield-recipe-client@mozilla.org installed in app-system-defaults
1505631367647	DeferredSave.extensions.json	DEBUG	Save changes
1505631367647	addons.xpi-utils	DEBUG	New add-on webcompat@mozilla.org installed in app-system-defaults
1505631367651	DeferredSave.extensions.json	DEBUG	Save changes
1505631367651	addons.xpi-utils	DEBUG	New add-on {972ce4c6-7e08-4474-a285-3208198ce6fd} installed in app-global
1505631367653	DeferredSave.extensions.json	DEBUG	Save changes
1505631367654	addons.manager	DEBUG	Registering startup change 'installed' for activity-stream@mozilla.org
1505631367661	addons.xpi	DEBUG	Loading bootstrap scope from C:\Program Files (x86)\Mozilla Firefox\browser\features\activity-stream@mozilla.org.xpi
1505631367663	addons.xpi	DEBUG	Calling bootstrap method install on activity-stream@mozilla.org version 0.0.0
1505631367663	addons.xpi-utils	DEBUG	Make addon app-system-defaults:activity-stream@mozilla.org visible
1505631367664	addons.xpi	DEBUG	Updating XPIState for {"id":"activity-stream@mozilla.org","syncGUID":"{14a22350-46e0-451e-9b10-94ddc5d96aa7}","location":"app-system-defaults","version":"0.0.0","type":"extension","internalName":null,"updateURL":null,"updateKey":null,"optionsURL":null,"optionsType":null,"aboutURL":null,"defaultLocale":{"name":"Activity Stream","description":"A rich visual history feed and a reimagined home page make it easier than ever to find exactly what you're looking for in Firefox.","creator":null,"homepageURL":null},"visible":true,"active":false,"userDisabled":false,"appDisabled":false,"installDate":1505474540382,"updateDate":1505474540382,"applyBackgroundUpdates":1,"bootstrap":true,"path":"C:\\Program Files (x86)\\Mozilla Firefox\\browser\\features\\activity-stream@mozilla.org.xpi","skinnable":false,"size":1280296,"sourceURI":null,"releaseNotesURI":null,"softDisabled":false,"foreignInstall":false,"hasBinaryComponents":false,"strictCompatibility":false,"locales":[],"targetApplications":[{"id":"{ec8030f7-c20a-464f-9b0e-13a3a9e97384}","minVersion":"56.0","maxVersion":"56.*"}],"targetPlatforms":[],"multiprocessCompatible":true,"seen":true,"dependencies":[],"hasEmbeddedWebExtension":false,"mpcOptedOut":false,"userPermissions":null,"icons":{},"iconURL":null,"icon64URL":null,"blocklistState":0,"blocklistURL":null}
1505631367666	DeferredSave.extensions.json	DEBUG	Save changes
1505631367666	addons.manager	DEBUG	Registering startup change 'installed' for aushelper@mozilla.org
1505631367666	addons.xpi	DEBUG	Loading bootstrap scope from C:\Program Files (x86)\Mozilla Firefox\browser\features\aushelper@mozilla.org.xpi
1505631367668	addons.xpi	DEBUG	Calling bootstrap method install on aushelper@mozilla.org version 2.0
1505631367668	addons.xpi-utils	DEBUG	Make addon app-system-defaults:aushelper@mozilla.org visible
1505631367668	addons.xpi	DEBUG	Updating XPIState for {"id":"aushelper@mozilla.org","syncGUID":"{d46faecf-5e30-4084-8170-12d0957dd0e1}","location":"app-system-defaults","version":"2.0","type":"extension","internalName":null,"updateURL":null,"updateKey":null,"optionsURL":null,"optionsType":null,"aboutURL":null,"defaultLocale":{"name":"Application Update Service Helper","description":"Sets value(s) in the update url based on custom checks.","creator":null,"homepageURL":null},"visible":true,"active":false,"userDisabled":false,"appDisabled":false,"installDate":1505474540236,"updateDate":1505474540236,"applyBackgroundUpdates":1,"bootstrap":true,"path":"C:\\Program Files (x86)\\Mozilla Firefox\\browser\\features\\aushelper@mozilla.org.xpi","skinnable":false,"size":8486,"sourceURI":null,"releaseNotesURI":null,"softDisabled":false,"foreignInstall":false,"hasBinaryComponents":false,"strictCompatibility":false,"locales":[],"targetApplications":[{"id":"{ec8030f7-c20a-464f-9b0e-13a3a9e97384}","minVersion":"56.0","maxVersion":"56.*"}],"targetPlatforms":[],"multiprocessCompatible":true,"seen":true,"dependencies":[],"hasEmbeddedWebExtension":false,"mpcOptedOut":false,"userPermissions":null,"icons":{},"iconURL":null,"icon64URL":null,"blocklistState":0,"blocklistURL":null}
1505631367669	DeferredSave.extensions.json	DEBUG	Save changes
1505631367669	addons.manager	DEBUG	Registering startup change 'installed' for clicktoplay-rollout@mozilla.org
1505631367669	addons.xpi	DEBUG	Loading bootstrap scope from C:\Program Files (x86)\Mozilla Firefox\browser\features\clicktoplay-rollout@mozilla.org.xpi
1505631367678	addons.xpi	DEBUG	Calling bootstrap method install on clicktoplay-rollout@mozilla.org version 1.2
1505631367678	addons.xpi-utils	DEBUG	Make addon app-system-defaults:clicktoplay-rollout@mozilla.org visible
1505631367678	addons.xpi	DEBUG	Updating XPIState for {"id":"clicktoplay-rollout@mozilla.org","syncGUID":"{386745e6-ef49-4d57-8b0c-97fa23a1682d}","location":"app-system-defaults","version":"1.2","type":"extension","internalName":null,"updateURL":null,"updateKey":null,"optionsURL":null,"optionsType":null,"aboutURL":null,"defaultLocale":{"name":"Click-to-Play staged rollout","description":"Staged rollout for Click-to-Play Flash.","creator":null,"homepageURL":null},"visible":true,"active":false,"userDisabled":false,"appDisabled":false,"installDate":1505474540061,"updateDate":1505474540061,"applyBackgroundUpdates":1,"bootstrap":true,"path":"C:\\Program Files (x86)\\Mozilla Firefox\\browser\\features\\clicktoplay-rollout@mozilla.org.xpi","skinnable":false,"size":5717,"sourceURI":null,"releaseNotesURI":null,"softDisabled":false,"foreignInstall":false,"hasBinaryComponents":false,"strictCompatibility":false,"locales":[],"targetApplications":[{"id":"{ec8030f7-c20a-464f-9b0e-13a3a9e97384}","minVersion":"56.0","maxVersion":"56.*"}],"targetPlatforms":[],"multiprocessCompatible":true,"seen":true,"dependencies":[],"hasEmbeddedWebExtension":false,"mpcOptedOut":false,"userPermissions":null,"icons":{},"iconURL":null,"icon64URL":null,"blocklistState":0,"blocklistURL":null}
1505631367679	DeferredSave.extensions.json	DEBUG	Save changes
1505631367679	addons.manager	DEBUG	Registering startup change 'installed' for e10srollout@mozilla.org
1505631367679	addons.xpi	DEBUG	Loading bootstrap scope from C:\Program Files (x86)\Mozilla Firefox\browser\features\e10srollout@mozilla.org.xpi
1505631367681	addons.xpi	DEBUG	Calling bootstrap method install on e10srollout@mozilla.org version 3.00
1505631367682	addons.xpi-utils	DEBUG	Make addon app-system-defaults:e10srollout@mozilla.org visible
1505631367682	addons.xpi	DEBUG	Updating XPIState for {"id":"e10srollout@mozilla.org","syncGUID":"{8edb3904-fb19-4487-b85d-78e001a690f5}","location":"app-system-defaults","version":"3.00","type":"extension","internalName":null,"updateURL":null,"updateKey":null,"optionsURL":null,"optionsType":null,"aboutURL":null,"defaultLocale":{"name":"Multi-process staged rollout","description":"Staged rollout of Firefox multi-process feature.","creator":null,"homepageURL":null},"visible":true,"active":false,"userDisabled":false,"appDisabled":false,"installDate":1505474539913,"updateDate":1505474539913,"applyBackgroundUpdates":1,"bootstrap":true,"path":"C:\\Program Files (x86)\\Mozilla Firefox\\browser\\features\\e10srollout@mozilla.org.xpi","skinnable":false,"size":13710,"sourceURI":null,"releaseNotesURI":null,"softDisabled":false,"foreignInstall":false,"hasBinaryComponents":false,"strictCompatibility":false,"locales":[],"targetApplications":[{"id":"{ec8030f7-c20a-464f-9b0e-13a3a9e97384}","minVersion":"56.0","maxVersion":"56.*"}],"targetPlatforms":[],"multiprocessCompatible":true,"seen":true,"dependencies":[],"hasEmbeddedWebExtension":false,"mpcOptedOut":false,"userPermissions":null,"icons":{},"iconURL":null,"icon64URL":null,"blocklistState":0,"blocklistURL":null}
1505631367683	DeferredSave.extensions.json	DEBUG	Save changes
1505631367683	addons.manager	DEBUG	Registering startup change 'installed' for firefox@getpocket.com
1505631367683	addons.xpi	DEBUG	Loading bootstrap scope from C:\Program Files (x86)\Mozilla Firefox\browser\features\firefox@getpocket.com.xpi
1505631367688	addons.xpi	DEBUG	Calling bootstrap method install on firefox@getpocket.com version 1.0.5
1505631367688	addons.xpi-utils	DEBUG	Make addon app-system-defaults:firefox@getpocket.com visible
1505631367688	addons.xpi	DEBUG	Updating XPIState for {"id":"firefox@getpocket.com","syncGUID":"{a147bff5-0070-462a-b11e-0d78bd6cda94}","location":"app-system-defaults","version":"1.0.5","type":"extension","internalName":null,"updateURL":null,"updateKey":null,"optionsURL":null,"optionsType":null,"aboutURL":null,"defaultLocale":{"name":"Pocket","description":"When you find something you want to view later, put it in Pocket.","creator":null,"homepageURL":null},"visible":true,"active":false,"userDisabled":false,"appDisabled":false,"installDate":1505474539902,"updateDate":1505474539902,"applyBackgroundUpdates":1,"bootstrap":true,"path":"C:\\Program Files (x86)\\Mozilla Firefox\\browser\\features\\firefox@getpocket.com.xpi","skinnable":false,"size":1002023,"sourceURI":null,"releaseNotesURI":null,"softDisabled":false,"foreignInstall":false,"hasBinaryComponents":false,"strictCompatibility":false,"locales":[],"targetApplications":[{"id":"{ec8030f7-c20a-464f-9b0e-13a3a9e97384}","minVersion":"56.0","maxVersion":"56.*"}],"targetPlatforms":[],"multiprocessCompatible":true,"seen":true,"dependencies":[],"hasEmbeddedWebExtension":false,"mpcOptedOut":false,"userPermissions":null,"icons":{},"iconURL":null,"icon64URL":null,"blocklistState":0,"blocklistURL":null}
1505631367688	DeferredSave.extensions.json	DEBUG	Save changes
1505631367688	addons.manager	DEBUG	Registering startup change 'installed' for followonsearch@mozilla.com
1505631367689	addons.xpi	DEBUG	Loading bootstrap scope from C:\Program Files (x86)\Mozilla Firefox\browser\features\followonsearch@mozilla.com.xpi
1505631367691	addons.xpi	DEBUG	Calling bootstrap method install on followonsearch@mozilla.com version 0.9.3
1505631367691	addons.xpi-utils	DEBUG	Make addon app-system-defaults:followonsearch@mozilla.com visible
1505631367691	addons.xpi	DEBUG	Updating XPIState for {"id":"followonsearch@mozilla.com","syncGUID":"{2222174b-8d43-4404-822f-5be5fdcd8b90}","location":"app-system-defaults","version":"0.9.3","type":"extension","internalName":null,"updateURL":null,"updateKey":null,"optionsURL":null,"optionsType":null,"aboutURL":null,"defaultLocale":{"name":"Follow-on Search Telemetry","description":null,"creator":null,"homepageURL":null},"visible":true,"active":false,"userDisabled":false,"appDisabled":false,"installDate":1505474539625,"updateDate":1505474539625,"applyBackgroundUpdates":1,"bootstrap":true,"path":"C:\\Program Files (x86)\\Mozilla Firefox\\browser\\features\\followonsearch@mozilla.com.xpi","skinnable":false,"size":16802,"sourceURI":null,"releaseNotesURI":null,"softDisabled":false,"foreignInstall":false,"hasBinaryComponents":false,"strictCompatibility":false,"locales":[],"targetApplications":[{"id":"{ec8030f7-c20a-464f-9b0e-13a3a9e97384}","minVersion":"52.0","maxVersion":"59.*"}],"targetPlatforms":[],"multiprocessCompatible":true,"seen":true,"dependencies":[],"hasEmbeddedWebExtension":false,"mpcOptedOut":false,"userPermissions":null,"icons":{},"iconURL":null,"icon64URL":null,"blocklistState":0,"blocklistURL":null}
1505631367691	DeferredSave.extensions.json	DEBUG	Save changes
1505631367692	addons.manager	DEBUG	Registering startup change 'installed' for formautofill@mozilla.org
1505631367692	addons.xpi	DEBUG	Loading bootstrap scope from C:\Program Files (x86)\Mozilla Firefox\browser\features\formautofill@mozilla.org.xpi
1505631367693	addons.xpi	DEBUG	Calling bootstrap method install on formautofill@mozilla.org version 1.0
1505631367693	addons.xpi-utils	DEBUG	Make addon app-system-defaults:formautofill@mozilla.org visible
1505631367694	addons.xpi	DEBUG	Updating XPIState for {"id":"formautofill@mozilla.org","syncGUID":"{e63b0e29-7dd3-4f04-9fe2-339d6335dce8}","location":"app-system-defaults","version":"1.0","type":"extension","internalName":null,"updateURL":null,"updateKey":null,"optionsURL":null,"optionsType":null,"aboutURL":null,"defaultLocale":{"name":"Form Autofill","description":"Autofill forms with saved profiles","creator":null,"homepageURL":null},"visible":true,"active":false,"userDisabled":false,"appDisabled":false,"installDate":1505474539585,"updateDate":1505474539585,"applyBackgroundUpdates":1,"bootstrap":true,"path":"C:\\Program Files (x86)\\Mozilla Firefox\\browser\\features\\formautofill@mozilla.org.xpi","skinnable":false,"size":329006,"sourceURI":null,"releaseNotesURI":null,"softDisabled":false,"foreignInstall":false,"hasBinaryComponents":false,"strictCompatibility":false,"locales":[],"targetApplications":[{"id":"{ec8030f7-c20a-464f-9b0e-13a3a9e97384}","minVersion":"56.0","maxVersion":"56.*"}],"targetPlatforms":[],"multiprocessCompatible":true,"seen":true,"dependencies":[],"hasEmbeddedWebExtension":false,"mpcOptedOut":false,"userPermissions":null,"icons":{},"iconURL":null,"icon64URL":null,"blocklistState":0,"blocklistURL":null}
1505631367694	DeferredSave.extensions.json	DEBUG	Save changes
1505631367694	addons.manager	DEBUG	Registering startup change 'installed' for onboarding@mozilla.org
1505631367694	addons.xpi	DEBUG	Loading bootstrap scope from C:\Program Files (x86)\Mozilla Firefox\browser\features\onboarding@mozilla.org.xpi
1505631367696	addons.xpi	DEBUG	Calling bootstrap method install on onboarding@mozilla.org version 0.1
1505631367696	addons.xpi-utils	DEBUG	Make addon app-system-defaults:onboarding@mozilla.org visible
1505631367697	addons.xpi	DEBUG	Updating XPIState for {"id":"onboarding@mozilla.org","syncGUID":"{4f398e5d-0c3d-4ea2-81d6-13a74d4f9644}","location":"app-system-defaults","version":"0.1","type":"extension","internalName":null,"updateURL":null,"updateKey":null,"optionsURL":null,"optionsType":null,"aboutURL":null,"defaultLocale":{"name":"Photon onboarding","description":"Photon onboarding","creator":null,"homepageURL":null},"visible":true,"active":false,"userDisabled":false,"appDisabled":false,"installDate":1505474539503,"updateDate":1505474539503,"applyBackgroundUpdates":1,"bootstrap":true,"path":"C:\\Program Files (x86)\\Mozilla Firefox\\browser\\features\\onboarding@mozilla.org.xpi","skinnable":false,"size":426439,"sourceURI":null,"releaseNotesURI":null,"softDisabled":false,"foreignInstall":false,"hasBinaryComponents":false,"strictCompatibility":false,"locales":[],"targetApplications":[{"id":"{ec8030f7-c20a-464f-9b0e-13a3a9e97384}","minVersion":"56.0","maxVersion":"56.*"}],"targetPlatforms":[],"multiprocessCompatible":true,"seen":true,"dependencies":[],"hasEmbeddedWebExtension":false,"mpcOptedOut":false,"userPermissions":null,"icons":{},"iconURL":null,"icon64URL":null,"blocklistState":0,"blocklistURL":null}
1505631367697	DeferredSave.extensions.json	DEBUG	Save changes
1505631367697	addons.manager	DEBUG	Registering startup change 'installed' for screenshots@mozilla.org
1505631367697	addons.xpi	DEBUG	Loading bootstrap scope from C:\Program Files (x86)\Mozilla Firefox\browser\features\screenshots@mozilla.org.xpi
1505631367699	addons.xpi	DEBUG	Calling bootstrap method install on screenshots@mozilla.org version 10.12.0
1505631367699	addons.xpi-utils	DEBUG	Make addon app-system-defaults:screenshots@mozilla.org visible
1505631367700	addons.xpi	DEBUG	Updating XPIState for {"id":"screenshots@mozilla.org","syncGUID":"{07be81d2-f96a-4a6c-bc5e-86d54bb38b8c}","location":"app-system-defaults","version":"10.12.0","type":"extension","internalName":null,"updateURL":null,"updateKey":null,"optionsURL":null,"optionsType":null,"aboutURL":null,"defaultLocale":{"name":"Firefox Screenshots","description":null,"creator":null,"homepageURL":"https://pageshot.net/"},"visible":true,"active":false,"userDisabled":false,"appDisabled":false,"installDate":1505474539469,"updateDate":1505474539469,"applyBackgroundUpdates":1,"bootstrap":true,"path":"C:\\Program Files (x86)\\Mozilla Firefox\\browser\\features\\screenshots@mozilla.org.xpi","skinnable":false,"size":714554,"sourceURI":null,"releaseNotesURI":null,"softDisabled":false,"foreignInstall":false,"hasBinaryComponents":false,"strictCompatibility":false,"locales":[],"targetApplications":[{"id":"{ec8030f7-c20a-464f-9b0e-13a3a9e97384}","minVersion":"51.0a1","maxVersion":"*"}],"targetPlatforms":[],"multiprocessCompatible":true,"seen":true,"dependencies":[],"hasEmbeddedWebExtension":false,"mpcOptedOut":false,"userPermissions":null,"icons":{},"iconURL":null,"icon64URL":null,"blocklistState":0,"blocklistURL":null}
1505631367700	DeferredSave.extensions.json	DEBUG	Save changes
1505631367700	addons.manager	DEBUG	Registering startup change 'installed' for shield-recipe-client@mozilla.org
1505631367700	addons.xpi	DEBUG	Loading bootstrap scope from C:\Program Files (x86)\Mozilla Firefox\browser\features\shield-recipe-client@mozilla.org.xpi
1505631367702	addons.xpi	DEBUG	Calling bootstrap method install on shield-recipe-client@mozilla.org version 65
1505631367702	addons.xpi-utils	DEBUG	Make addon app-system-defaults:shield-recipe-client@mozilla.org visible
1505631367702	addons.xpi	DEBUG	Updating XPIState for {"id":"shield-recipe-client@mozilla.org","syncGUID":"{8d237cde-e2c6-44aa-a37d-c5f432e67e05}","location":"app-system-defaults","version":"65","type":"extension","internalName":null,"updateURL":null,"updateKey":null,"optionsURL":null,"optionsType":null,"aboutURL":null,"defaultLocale":{"name":"Shield Recipe Client","description":"Client to download and run recipes for SHIELD, Heartbeat, etc.","creator":null,"homepageURL":null},"visible":true,"active":false,"userDisabled":false,"appDisabled":false,"installDate":1505474539078,"updateDate":1505474539078,"applyBackgroundUpdates":1,"bootstrap":true,"path":"C:\\Program Files (x86)\\Mozilla Firefox\\browser\\features\\shield-recipe-client@mozilla.org.xpi","skinnable":false,"size":356503,"sourceURI":null,"releaseNotesURI":null,"softDisabled":false,"foreignInstall":false,"hasBinaryComponents":false,"strictCompatibility":false,"locales":[],"targetApplications":[{"id":"{ec8030f7-c20a-464f-9b0e-13a3a9e97384}","minVersion":"56.0","maxVersion":"56.*"}],"targetPlatforms":[],"multiprocessCompatible":true,"seen":true,"dependencies":[],"hasEmbeddedWebExtension":false,"mpcOptedOut":false,"userPermissions":null,"icons":{},"iconURL":null,"icon64URL":null,"blocklistState":0,"blocklistURL":null}
1505631367703	DeferredSave.extensions.json	DEBUG	Save changes
1505631367703	addons.manager	DEBUG	Registering startup change 'installed' for webcompat@mozilla.org
1505631367704	addons.xpi	DEBUG	Loading bootstrap scope from C:\Program Files (x86)\Mozilla Firefox\browser\features\webcompat@mozilla.org.xpi
1505631367705	addons.xpi	DEBUG	Calling bootstrap method install on webcompat@mozilla.org version 1.1
1505631367705	addons.xpi-utils	DEBUG	Make addon app-system-defaults:webcompat@mozilla.org visible
1505631367706	addons.xpi	DEBUG	Updating XPIState for {"id":"webcompat@mozilla.org","syncGUID":"{3d25c190-faea-40cb-94ab-ad582c9daef2}","location":"app-system-defaults","version":"1.1","type":"extension","internalName":null,"updateURL":null,"updateKey":null,"optionsURL":null,"optionsType":null,"aboutURL":null,"defaultLocale":{"name":"Web Compat","description":"Urgent post-release fixes for web compatibility.","creator":null,"homepageURL":null},"visible":true,"active":false,"userDisabled":false,"appDisabled":false,"installDate":1505474538879,"updateDate":1505474538879,"applyBackgroundUpdates":1,"bootstrap":true,"path":"C:\\Program Files (x86)\\Mozilla Firefox\\browser\\features\\webcompat@mozilla.org.xpi","skinnable":false,"size":8990,"sourceURI":null,"releaseNotesURI":null,"softDisabled":false,"foreignInstall":false,"hasBinaryComponents":false,"strictCompatibility":false,"locales":[],"targetApplications":[{"id":"{ec8030f7-c20a-464f-9b0e-13a3a9e97384}","minVersion":"56.0","maxVersion":"56.*"}],"targetPlatforms":[],"multiprocessCompatible":true,"seen":true,"dependencies":[],"hasEmbeddedWebExtension":false,"mpcOptedOut":false,"userPermissions":null,"icons":{},"iconURL":null,"icon64URL":null,"blocklistState":0,"blocklistURL":null}
1505631367707	DeferredSave.extensions.json	DEBUG	Save changes
1505631367707	addons.xpi-utils	DEBUG	Make addon app-global:{972ce4c6-7e08-4474-a285-3208198ce6fd} visible
1505631367707	addons.xpi	DEBUG	Updating XPIState for {"id":"{972ce4c6-7e08-4474-a285-3208198ce6fd}","syncGUID":"{d5361c67-ee2d-4297-816b-7eacfbc33df4}","location":"app-global","version":"56.0","type":"theme","internalName":"classic/1.0","updateURL":null,"updateKey":null,"optionsURL":null,"optionsType":null,"optionsBrowserStyle":null,"aboutURL":null,"defaultLocale":{"name":"Default","description":"The default theme.","creator":"Mozilla","homepageURL":null,"contributors":["Mozilla Contributors"]},"visible":true,"active":false,"userDisabled":false,"appDisabled":false,"installDate":1505474540387,"updateDate":1505474540387,"applyBackgroundUpdates":1,"path":"C:\\Program Files (x86)\\Mozilla Firefox\\browser\\extensions\\{972ce4c6-7e08-4474-a285-3208198ce6fd}.xpi","skinnable":true,"size":7141,"sourceURI":null,"releaseNotesURI":null,"softDisabled":false,"foreignInstall":false,"hasBinaryComponents":false,"strictCompatibility":true,"locales":[],"targetApplications":[{"id":"{ec8030f7-c20a-464f-9b0e-13a3a9e97384}","minVersion":"56.0","maxVersion":"56.0"}],"targetPlatforms":[],"seen":true,"dependencies":[],"hasEmbeddedWebExtension":false,"userPermissions":null,"icons":{},"iconURL":"chrome://browser/content/default-theme-icon.svg","icon64URL":null,"blocklistState":0,"blocklistURL":null}
1505631367708	DeferredSave.extensions.json	DEBUG	Save changes
1505631367708	addons.xpi	DEBUG	Updating XPIState for {"id":"activity-stream@mozilla.org","syncGUID":"{14a22350-46e0-451e-9b10-94ddc5d96aa7}","location":"app-system-defaults","version":"0.0.0","type":"extension","internalName":null,"updateURL":null,"updateKey":null,"optionsURL":null,"optionsType":null,"aboutURL":null,"defaultLocale":{"name":"Activity Stream","description":"A rich visual history feed and a reimagined home page make it easier than ever to find exactly what you're looking for in Firefox.","creator":null,"homepageURL":null},"visible":true,"active":true,"userDisabled":false,"appDisabled":false,"installDate":1505474540382,"updateDate":1505474540382,"applyBackgroundUpdates":1,"bootstrap":true,"path":"C:\\Program Files (x86)\\Mozilla Firefox\\browser\\features\\activity-stream@mozilla.org.xpi","skinnable":false,"size":1280296,"sourceURI":null,"releaseNotesURI":null,"softDisabled":false,"foreignInstall":false,"hasBinaryComponents":false,"strictCompatibility":false,"locales":[],"targetApplications":[{"id":"{ec8030f7-c20a-464f-9b0e-13a3a9e97384}","minVersion":"56.0","maxVersion":"56.*"}],"targetPlatforms":[],"multiprocessCompatible":true,"seen":true,"dependencies":[],"hasEmbeddedWebExtension":false,"mpcOptedOut":false,"userPermissions":null,"icons":{},"iconURL":null,"icon64URL":null,"blocklistState":0,"blocklistURL":null}
1505631367708	addons.xpi	DEBUG	Updating XPIState for {"id":"aushelper@mozilla.org","syncGUID":"{d46faecf-5e30-4084-8170-12d0957dd0e1}","location":"app-system-defaults","version":"2.0","type":"extension","internalName":null,"updateURL":null,"updateKey":null,"optionsURL":null,"optionsType":null,"aboutURL":null,"defaultLocale":{"name":"Application Update Service Helper","description":"Sets value(s) in the update url based on custom checks.","creator":null,"homepageURL":null},"visible":true,"active":true,"userDisabled":false,"appDisabled":false,"installDate":1505474540236,"updateDate":1505474540236,"applyBackgroundUpdates":1,"bootstrap":true,"path":"C:\\Program Files (x86)\\Mozilla Firefox\\browser\\features\\aushelper@mozilla.org.xpi","skinnable":false,"size":8486,"sourceURI":null,"releaseNotesURI":null,"softDisabled":false,"foreignInstall":false,"hasBinaryComponents":false,"strictCompatibility":false,"locales":[],"targetApplications":[{"id":"{ec8030f7-c20a-464f-9b0e-13a3a9e97384}","minVersion":"56.0","maxVersion":"56.*"}],"targetPlatforms":[],"multiprocessCompatible":true,"seen":true,"dependencies":[],"hasEmbeddedWebExtension":false,"mpcOptedOut":false,"userPermissions":null,"icons":{},"iconURL":null,"icon64URL":null,"blocklistState":0,"blocklistURL":null}
1505631367708	addons.xpi	DEBUG	Updating XPIState for {"id":"clicktoplay-rollout@mozilla.org","syncGUID":"{386745e6-ef49-4d57-8b0c-97fa23a1682d}","location":"app-system-defaults","version":"1.2","type":"extension","internalName":null,"updateURL":null,"updateKey":null,"optionsURL":null,"optionsType":null,"aboutURL":null,"defaultLocale":{"name":"Click-to-Play staged rollout","description":"Staged rollout for Click-to-Play Flash.","creator":null,"homepageURL":null},"visible":true,"active":true,"userDisabled":false,"appDisabled":false,"installDate":1505474540061,"updateDate":1505474540061,"applyBackgroundUpdates":1,"bootstrap":true,"path":"C:\\Program Files (x86)\\Mozilla Firefox\\browser\\features\\clicktoplay-rollout@mozilla.org.xpi","skinnable":false,"size":5717,"sourceURI":null,"releaseNotesURI":null,"softDisabled":false,"foreignInstall":false,"hasBinaryComponents":false,"strictCompatibility":false,"locales":[],"targetApplications":[{"id":"{ec8030f7-c20a-464f-9b0e-13a3a9e97384}","minVersion":"56.0","maxVersion":"56.*"}],"targetPlatforms":[],"multiprocessCompatible":true,"seen":true,"dependencies":[],"hasEmbeddedWebExtension":false,"mpcOptedOut":false,"userPermissions":null,"icons":{},"iconURL":null,"icon64URL":null,"blocklistState":0,"blocklistURL":null}
1505631367708	addons.xpi	DEBUG	Updating XPIState for {"id":"e10srollout@mozilla.org","syncGUID":"{8edb3904-fb19-4487-b85d-78e001a690f5}","location":"app-system-defaults","version":"3.00","type":"extension","internalName":null,"updateURL":null,"updateKey":null,"optionsURL":null,"optionsType":null,"aboutURL":null,"defaultLocale":{"name":"Multi-process staged rollout","description":"Staged rollout of Firefox multi-process feature.","creator":null,"homepageURL":null},"visible":true,"active":true,"userDisabled":false,"appDisabled":false,"installDate":1505474539913,"updateDate":1505474539913,"applyBackgroundUpdates":1,"bootstrap":true,"path":"C:\\Program Files (x86)\\Mozilla Firefox\\browser\\features\\e10srollout@mozilla.org.xpi","skinnable":false,"size":13710,"sourceURI":null,"releaseNotesURI":null,"softDisabled":false,"foreignInstall":false,"hasBinaryComponents":false,"strictCompatibility":false,"locales":[],"targetApplications":[{"id":"{ec8030f7-c20a-464f-9b0e-13a3a9e97384}","minVersion":"56.0","maxVersion":"56.*"}],"targetPlatforms":[],"multiprocessCompatible":true,"seen":true,"dependencies":[],"hasEmbeddedWebExtension":false,"mpcOptedOut":false,"userPermissions":null,"icons":{},"iconURL":null,"icon64URL":null,"blocklistState":0,"blocklistURL":null}
1505631367708	addons.xpi	DEBUG	Updating XPIState for {"id":"firefox@getpocket.com","syncGUID":"{a147bff5-0070-462a-b11e-0d78bd6cda94}","location":"app-system-defaults","version":"1.0.5","type":"extension","internalName":null,"updateURL":null,"updateKey":null,"optionsURL":null,"optionsType":null,"aboutURL":null,"defaultLocale":{"name":"Pocket","description":"When you find something you want to view later, put it in Pocket.","creator":null,"homepageURL":null},"visible":true,"active":true,"userDisabled":false,"appDisabled":false,"installDate":1505474539902,"updateDate":1505474539902,"applyBackgroundUpdates":1,"bootstrap":true,"path":"C:\\Program Files (x86)\\Mozilla Firefox\\browser\\features\\firefox@getpocket.com.xpi","skinnable":false,"size":1002023,"sourceURI":null,"releaseNotesURI":null,"softDisabled":false,"foreignInstall":false,"hasBinaryComponents":false,"strictCompatibility":false,"locales":[],"targetApplications":[{"id":"{ec8030f7-c20a-464f-9b0e-13a3a9e97384}","minVersion":"56.0","maxVersion":"56.*"}],"targetPlatforms":[],"multiprocessCompatible":true,"seen":true,"dependencies":[],"hasEmbeddedWebExtension":false,"mpcOptedOut":false,"userPermissions":null,"icons":{},"iconURL":null,"icon64URL":null,"blocklistState":0,"blocklistURL":null}
1505631367709	addons.xpi	DEBUG	Updating XPIState for {"id":"followonsearch@mozilla.com","syncGUID":"{2222174b-8d43-4404-822f-5be5fdcd8b90}","location":"app-system-defaults","version":"0.9.3","type":"extension","internalName":null,"updateURL":null,"updateKey":null,"optionsURL":null,"optionsType":null,"aboutURL":null,"defaultLocale":{"name":"Follow-on Search Telemetry","description":null,"creator":null,"homepageURL":null},"visible":true,"active":true,"userDisabled":false,"appDisabled":false,"installDate":1505474539625,"updateDate":1505474539625,"applyBackgroundUpdates":1,"bootstrap":true,"path":"C:\\Program Files (x86)\\Mozilla Firefox\\browser\\features\\followonsearch@mozilla.com.xpi","skinnable":false,"size":16802,"sourceURI":null,"releaseNotesURI":null,"softDisabled":false,"foreignInstall":false,"hasBinaryComponents":false,"strictCompatibility":false,"locales":[],"targetApplications":[{"id":"{ec8030f7-c20a-464f-9b0e-13a3a9e97384}","minVersion":"52.0","maxVersion":"59.*"}],"targetPlatforms":[],"multiprocessCompatible":true,"seen":true,"dependencies":[],"hasEmbeddedWebExtension":false,"mpcOptedOut":false,"userPermissions":null,"icons":{},"iconURL":null,"icon64URL":null,"blocklistState":0,"blocklistURL":null}
1505631367709	addons.xpi	DEBUG	Updating XPIState for {"id":"formautofill@mozilla.org","syncGUID":"{e63b0e29-7dd3-4f04-9fe2-339d6335dce8}","location":"app-system-defaults","version":"1.0","type":"extension","internalName":null,"updateURL":null,"updateKey":null,"optionsURL":null,"optionsType":null,"aboutURL":null,"defaultLocale":{"name":"Form Autofill","description":"Autofill forms with saved profiles","creator":null,"homepageURL":null},"visible":true,"active":true,"userDisabled":false,"appDisabled":false,"installDate":1505474539585,"updateDate":1505474539585,"applyBackgroundUpdates":1,"bootstrap":true,"path":"C:\\Program Files (x86)\\Mozilla Firefox\\browser\\features\\formautofill@mozilla.org.xpi","skinnable":false,"size":329006,"sourceURI":null,"releaseNotesURI":null,"softDisabled":false,"foreignInstall":false,"hasBinaryComponents":false,"strictCompatibility":false,"locales":[],"targetApplications":[{"id":"{ec8030f7-c20a-464f-9b0e-13a3a9e97384}","minVersion":"56.0","maxVersion":"56.*"}],"targetPlatforms":[],"multiprocessCompatible":true,"seen":true,"dependencies":[],"hasEmbeddedWebExtension":false,"mpcOptedOut":false,"userPermissions":null,"icons":{},"iconURL":null,"icon64URL":null,"blocklistState":0,"blocklistURL":null}
1505631367709	addons.xpi	DEBUG	Updating XPIState for {"id":"onboarding@mozilla.org","syncGUID":"{4f398e5d-0c3d-4ea2-81d6-13a74d4f9644}","location":"app-system-defaults","version":"0.1","type":"extension","internalName":null,"updateURL":null,"updateKey":null,"optionsURL":null,"optionsType":null,"aboutURL":null,"defaultLocale":{"name":"Photon onboarding","description":"Photon onboarding","creator":null,"homepageURL":null},"visible":true,"active":true,"userDisabled":false,"appDisabled":false,"installDate":1505474539503,"updateDate":1505474539503,"applyBackgroundUpdates":1,"bootstrap":true,"path":"C:\\Program Files (x86)\\Mozilla Firefox\\browser\\features\\onboarding@mozilla.org.xpi","skinnable":false,"size":426439,"sourceURI":null,"releaseNotesURI":null,"softDisabled":false,"foreignInstall":false,"hasBinaryComponents":false,"strictCompatibility":false,"locales":[],"targetApplications":[{"id":"{ec8030f7-c20a-464f-9b0e-13a3a9e97384}","minVersion":"56.0","maxVersion":"56.*"}],"targetPlatforms":[],"multiprocessCompatible":true,"seen":true,"dependencies":[],"hasEmbeddedWebExtension":false,"mpcOptedOut":false,"userPermissions":null,"icons":{},"iconURL":null,"icon64URL":null,"blocklistState":0,"blocklistURL":null}
1505631367709	addons.xpi	DEBUG	Updating XPIState for {"id":"screenshots@mozilla.org","syncGUID":"{07be81d2-f96a-4a6c-bc5e-86d54bb38b8c}","location":"app-system-defaults","version":"10.12.0","type":"extension","internalName":null,"updateURL":null,"updateKey":null,"optionsURL":null,"optionsType":null,"aboutURL":null,"defaultLocale":{"name":"Firefox Screenshots","description":null,"creator":null,"homepageURL":"https://pageshot.net/"},"visible":true,"active":true,"userDisabled":false,"appDisabled":false,"installDate":1505474539469,"updateDate":1505474539469,"applyBackgroundUpdates":1,"bootstrap":true,"path":"C:\\Program Files (x86)\\Mozilla Firefox\\browser\\features\\screenshots@mozilla.org.xpi","skinnable":false,"size":714554,"sourceURI":null,"releaseNotesURI":null,"softDisabled":false,"foreignInstall":false,"hasBinaryComponents":false,"strictCompatibility":false,"locales":[],"targetApplications":[{"id":"{ec8030f7-c20a-464f-9b0e-13a3a9e97384}","minVersion":"51.0a1","maxVersion":"*"}],"targetPlatforms":[],"multiprocessCompatible":true,"seen":true,"dependencies":[],"hasEmbeddedWebExtension":false,"mpcOptedOut":false,"userPermissions":null,"icons":{},"iconURL":null,"icon64URL":null,"blocklistState":0,"blocklistURL":null}
1505631367709	addons.xpi	DEBUG	Updating XPIState for {"id":"shield-recipe-client@mozilla.org","syncGUID":"{8d237cde-e2c6-44aa-a37d-c5f432e67e05}","location":"app-system-defaults","version":"65","type":"extension","internalName":null,"updateURL":null,"updateKey":null,"optionsURL":null,"optionsType":null,"aboutURL":null,"defaultLocale":{"name":"Shield Recipe Client","description":"Client to download and run recipes for SHIELD, Heartbeat, etc.","creator":null,"homepageURL":null},"visible":true,"active":true,"userDisabled":false,"appDisabled":false,"installDate":1505474539078,"updateDate":1505474539078,"applyBackgroundUpdates":1,"bootstrap":true,"path":"C:\\Program Files (x86)\\Mozilla Firefox\\browser\\features\\shield-recipe-client@mozilla.org.xpi","skinnable":false,"size":356503,"sourceURI":null,"releaseNotesURI":null,"softDisabled":false,"foreignInstall":false,"hasBinaryComponents":false,"strictCompatibility":false,"locales":[],"targetApplications":[{"id":"{ec8030f7-c20a-464f-9b0e-13a3a9e97384}","minVersion":"56.0","maxVersion":"56.*"}],"targetPlatforms":[],"multiprocessCompatible":true,"seen":true,"dependencies":[],"hasEmbeddedWebExtension":false,"mpcOptedOut":false,"userPermissions":null,"icons":{},"iconURL":null,"icon64URL":null,"blocklistState":0,"blocklistURL":null}
1505631367709	addons.xpi	DEBUG	Updating XPIState for {"id":"webcompat@mozilla.org","syncGUID":"{3d25c190-faea-40cb-94ab-ad582c9daef2}","location":"app-system-defaults","version":"1.1","type":"extension","internalName":null,"updateURL":null,"updateKey":null,"optionsURL":null,"optionsType":null,"aboutURL":null,"defaultLocale":{"name":"Web Compat","description":"Urgent post-release fixes for web compatibility.","creator":null,"homepageURL":null},"visible":true,"active":true,"userDisabled":false,"appDisabled":false,"installDate":1505474538879,"updateDate":1505474538879,"applyBackgroundUpdates":1,"bootstrap":true,"path":"C:\\Program Files (x86)\\Mozilla Firefox\\browser\\features\\webcompat@mozilla.org.xpi","skinnable":false,"size":8990,"sourceURI":null,"releaseNotesURI":null,"softDisabled":false,"foreignInstall":false,"hasBinaryComponents":false,"strictCompatibility":false,"locales":[],"targetApplications":[{"id":"{ec8030f7-c20a-464f-9b0e-13a3a9e97384}","minVersion":"56.0","maxVersion":"56.*"}],"targetPlatforms":[],"multiprocessCompatible":true,"seen":true,"dependencies":[],"hasEmbeddedWebExtension":false,"mpcOptedOut":false,"userPermissions":null,"icons":{},"iconURL":null,"icon64URL":null,"blocklistState":0,"blocklistURL":null}
1505631367709	addons.xpi	DEBUG	Updating XPIState for {"id":"{972ce4c6-7e08-4474-a285-3208198ce6fd}","syncGUID":"{d5361c67-ee2d-4297-816b-7eacfbc33df4}","location":"app-global","version":"56.0","type":"theme","internalName":"classic/1.0","updateURL":null,"updateKey":null,"optionsURL":null,"optionsType":null,"optionsBrowserStyle":null,"aboutURL":null,"defaultLocale":{"name":"Default","description":"The default theme.","creator":"Mozilla","homepageURL":null,"contributors":["Mozilla Contributors"]},"visible":true,"active":true,"userDisabled":false,"appDisabled":false,"installDate":1505474540387,"updateDate":1505474540387,"applyBackgroundUpdates":1,"path":"C:\\Program Files (x86)\\Mozilla Firefox\\browser\\extensions\\{972ce4c6-7e08-4474-a285-3208198ce6fd}.xpi","skinnable":true,"size":7141,"sourceURI":null,"releaseNotesURI":null,"softDisabled":false,"foreignInstall":false,"hasBinaryComponents":false,"strictCompatibility":true,"locales":[],"targetApplications":[{"id":"{ec8030f7-c20a-464f-9b0e-13a3a9e97384}","minVersion":"56.0","maxVersion":"56.0"}],"targetPlatforms":[],"seen":true,"dependencies":[],"hasEmbeddedWebExtension":false,"userPermissions":null,"icons":{},"iconURL":"chrome://browser/content/default-theme-icon.svg","icon64URL":null,"blocklistState":0,"blocklistURL":null}
1505631367710	DeferredSave.extensions.json	DEBUG	Save changes
1505631367710	addons.xpi	DEBUG	Updating database with changes to installed add-ons
1505631367710	addons.xpi-utils	DEBUG	Updating add-on states
1505631367715	addons.xpi	DEBUG	Registering manifest for C:\Program Files (x86)\Mozilla Firefox\browser\features\activity-stream@mozilla.org.xpi
1505631367715	addons.xpi	DEBUG	Calling bootstrap method startup on activity-stream@mozilla.org version 0.0.0
1505631367716	addons.xpi	DEBUG	Registering manifest for C:\Program Files (x86)\Mozilla Firefox\browser\features\aushelper@mozilla.org.xpi
1505631367717	addons.xpi	DEBUG	Calling bootstrap method startup on aushelper@mozilla.org version 2.0
1505631367718	addons.xpi	DEBUG	Registering manifest for C:\Program Files (x86)\Mozilla Firefox\browser\features\clicktoplay-rollout@mozilla.org.xpi
1505631367718	addons.xpi	DEBUG	Calling bootstrap method startup on clicktoplay-rollout@mozilla.org version 1.2
1505631367718	addons.xpi	WARN	Exception running bootstrap method startup on clicktoplay-rollout@mozilla.org: [Exception... "Component returned failure code: 0x8000ffff (NS_ERROR_UNEXPECTED) [nsIPrefBranch.getStringPref]"  nsresult: "0x8000ffff (NS_ERROR_UNEXPECTED)"  location: "JS frame :: resource://gre/modules/addons/XPIProvider.jsm -> jar:file:///C:/Program%20Files%20(x86)/Mozilla%20Firefox/browser/features/clicktoplay-rollout@mozilla.org.xpi!/bootstrap.js :: defineCohort :: line 49"  data: no] Stack trace: defineCohort()@resource://gre/modules/addons/XPIProvider.jsm -> jar:file:///C:/Program%20Files%20(x86)/Mozilla%20Firefox/browser/features/clicktoplay-rollout@mozilla.org.xpi!/bootstrap.js:49 < startup()@resource://gre/modules/addons/XPIProvider.jsm -> jar:file:///C:/Program%20Files%20(x86)/Mozilla%20Firefox/browser/features/clicktoplay-rollout@mozilla.org.xpi!/bootstrap.js:40 < callBootstrapMethod()@resource://gre/modules/addons/XPIProvider.jsm:4395 < startup()@resource://gre/modules/addons/XPIProvider.jsm:2229 < callProvider()@resource://gre/modules/AddonManager.jsm:269 < _startProvider()@resource://gre/modules/AddonManager.jsm:739 < startup()@resource://gre/modules/AddonManager.jsm:906 < startup()@resource://gre/modules/AddonManager.jsm:3090 < observe()@jar:file:///C:/Program%20Files%20(x86)/Mozilla%20Firefox/omni.ja!/components/addonManager.js:65
1505631367719	addons.xpi	DEBUG	Registering manifest for C:\Program Files (x86)\Mozilla Firefox\browser\features\e10srollout@mozilla.org.xpi
1505631367720	addons.xpi	DEBUG	Calling bootstrap method startup on e10srollout@mozilla.org version 3.00
1505631367720	addons.xpi	DEBUG	Registering manifest for C:\Program Files (x86)\Mozilla Firefox\browser\features\firefox@getpocket.com.xpi
1505631367720	addons.xpi	DEBUG	Calling bootstrap method startup on firefox@getpocket.com version 1.0.5
1505631367749	addons.xpi	DEBUG	Registering manifest for C:\Program Files (x86)\Mozilla Firefox\browser\features\followonsearch@mozilla.com.xpi
1505631367750	addons.xpi	DEBUG	Calling bootstrap method startup on followonsearch@mozilla.com version 0.9.3
1505631367750	addons.xpi	DEBUG	Registering manifest for C:\Program Files (x86)\Mozilla Firefox\browser\features\formautofill@mozilla.org.xpi
1505631367750	addons.xpi	DEBUG	Calling bootstrap method startup on formautofill@mozilla.org version 1.0
1505631367751	addons.xpi	DEBUG	Registering manifest for C:\Program Files (x86)\Mozilla Firefox\browser\features\onboarding@mozilla.org.xpi
1505631367751	addons.xpi	DEBUG	Calling bootstrap method startup on onboarding@mozilla.org version 0.1
1505631367751	addons.xpi	DEBUG	Registering manifest for C:\Program Files (x86)\Mozilla Firefox\browser\features\screenshots@mozilla.org.xpi
1505631367752	addons.xpi	DEBUG	Calling bootstrap method startup on screenshots@mozilla.org version 10.12.0
1505631367752	addons.xpi	DEBUG	Registering manifest for C:\Program Files (x86)\Mozilla Firefox\browser\features\shield-recipe-client@mozilla.org.xpi
1505631367753	addons.xpi	DEBUG	Calling bootstrap method startup on shield-recipe-client@mozilla.org version 65
1505631367760	addons.xpi	DEBUG	Registering manifest for C:\Program Files (x86)\Mozilla Firefox\browser\features\webcompat@mozilla.org.xpi
1505631367760	addons.xpi	DEBUG	Calling bootstrap method startup on webcompat@mozilla.org version 1.1
1505631367768	addons.manager	DEBUG	Registering shutdown blocker for XPIProvider
1505631367768	addons.manager	DEBUG	Provider finished startup: XPIProvider
1505631367768	addons.manager	DEBUG	Starting provider: LightweightThemeManager
1505631367769	addons.manager	DEBUG	Registering shutdown blocker for LightweightThemeManager
1505631367769	addons.manager	DEBUG	Provider finished startup: LightweightThemeManager
1505631367769	addons.manager	DEBUG	Starting provider: GMPProvider
1505631367773	addons.manager	DEBUG	Registering shutdown blocker for GMPProvider
1505631367774	addons.manager	DEBUG	Provider finished startup: GMPProvider
1505631367774	addons.manager	DEBUG	Starting provider: PluginProvider
1505631367774	addons.manager	DEBUG	Registering shutdown blocker for PluginProvider
1505631367774	addons.manager	DEBUG	Provider finished startup: PluginProvider
1505631367774	addons.manager	DEBUG	Completed startup sequence
1505631368619	Marionette	INFO	Enabled via --marionette
1505631368747	addons.manager	DEBUG	Starting provider: PreviousExperimentProvider
1505631368747	addons.manager	DEBUG	Registering shutdown blocker for PreviousExperimentProvider
1505631368747	addons.manager	DEBUG	Provider finished startup: PreviousExperimentProvider
1505631368748	DeferredSave.extensions.json	DEBUG	Starting write
1505631369070	DeferredSave.webext.sc.lz4	DEBUG	Save changes
1505631369070	DeferredSave.webext.sc.lz4	DEBUG	Starting timer
1505631369090	DeferredSave.webext.sc.lz4	DEBUG	Save changes
1505631369091	DeferredSave.webext.sc.lz4	DEBUG	Save changes
1505631369092	DeferredSave.webext.sc.lz4	DEBUG	Save changes
1505631369093	DeferredSave.webext.sc.lz4	DEBUG	Save changes
1505631369094	DeferredSave.webext.sc.lz4	DEBUG	Save changes
1505631369096	DeferredSave.webext.sc.lz4	DEBUG	Save changes
1505631369097	DeferredSave.webext.sc.lz4	DEBUG	Save changes
1505631369098	DeferredSave.webext.sc.lz4	DEBUG	Save changes
1505631369100	DeferredSave.webext.sc.lz4	DEBUG	Save changes
1505631369100	DeferredSave.webext.sc.lz4	DEBUG	Save changes
1505631369101	DeferredSave.webext.sc.lz4	DEBUG	Save changes
1505631369102	DeferredSave.webext.sc.lz4	DEBUG	Save changes
1505631369103	DeferredSave.webext.sc.lz4	DEBUG	Save changes
1505631369104	DeferredSave.webext.sc.lz4	DEBUG	Save changes
1505631369104	DeferredSave.webext.sc.lz4	DEBUG	Save changes
1505631369105	DeferredSave.webext.sc.lz4	DEBUG	Save changes
1505631369105	DeferredSave.webext.sc.lz4	DEBUG	Save changes
1505631369106	DeferredSave.webext.sc.lz4	DEBUG	Save changes
1505631369107	DeferredSave.webext.sc.lz4	DEBUG	Save changes
1505631369107	DeferredSave.webext.sc.lz4	DEBUG	Save changes
1505631369110	DeferredSave.webext.sc.lz4	DEBUG	Save changes
1505631369110	DeferredSave.webext.sc.lz4	DEBUG	Save changes
1505631369111	DeferredSave.webext.sc.lz4	DEBUG	Save changes
1505631369112	DeferredSave.webext.sc.lz4	DEBUG	Save changes
1505631369112	DeferredSave.webext.sc.lz4	DEBUG	Save changes
1505631369113	DeferredSave.webext.sc.lz4	DEBUG	Save changes
1505631369113	DeferredSave.webext.sc.lz4	DEBUG	Save changes
1505631369114	DeferredSave.webext.sc.lz4	DEBUG	Save changes
1505631369115	DeferredSave.webext.sc.lz4	DEBUG	Save changes
1505631369116	DeferredSave.webext.sc.lz4	DEBUG	Save changes
1505631369116	DeferredSave.webext.sc.lz4	DEBUG	Save changes
1505631369117	DeferredSave.webext.sc.lz4	DEBUG	Save changes
1505631369118	DeferredSave.webext.sc.lz4	DEBUG	Save changes
1505631369119	DeferredSave.webext.sc.lz4	DEBUG	Save changes
1505631369119	DeferredSave.webext.sc.lz4	DEBUG	Save changes
1505631369120	DeferredSave.webext.sc.lz4	DEBUG	Save changes
1505631369120	DeferredSave.webext.sc.lz4	DEBUG	Save changes
1505631369121	DeferredSave.webext.sc.lz4	DEBUG	Save changes
1505631369123	DeferredSave.webext.sc.lz4	DEBUG	Save changes
1505631369125	DeferredSave.webext.sc.lz4	DEBUG	Save changes
1505631369126	DeferredSave.webext.sc.lz4	DEBUG	Save changes
1505631369127	DeferredSave.webext.sc.lz4	DEBUG	Save changes
1505631369127	DeferredSave.webext.sc.lz4	DEBUG	Save changes
1505631369128	DeferredSave.webext.sc.lz4	DEBUG	Save changes
1505631369130	DeferredSave.webext.sc.lz4	DEBUG	Save changes
1505631369131	DeferredSave.webext.sc.lz4	DEBUG	Save changes
1505631369132	DeferredSave.webext.sc.lz4	DEBUG	Save changes
1505631369135	DeferredSave.webext.sc.lz4	DEBUG	Save changes
1505631369137	DeferredSave.extensions.json	DEBUG	Write succeeded
1505631369137	addons.xpi-utils	DEBUG	XPI Database saved, setting schema version preference to 22
1505631369151	DeferredSave.webext.sc.lz4	DEBUG	Save changes
1505631369184	DeferredSave.webext.sc.lz4	DEBUG	Save changes
1505631369191	DeferredSave.webext.sc.lz4	DEBUG	Save changes
[Parent 3892] WARNING: pipe error: 109: file z:/build/build/src/ipc/chromium/src/chrome/common/ipc_channel_win.cc, line 346
[Child 10692] WARNING: pipe error: 109: file z:/build/build/src/ipc/chromium/src/chrome/common/ipc_channel_win.cc, line 346
[Child 10692] WARNING: pipe error: 109: file z:/build/build/src/ipc/chromium/src/chrome/common/ipc_channel_win.cc, line 346
1505631373467	addons.manager	DEBUG	Starting provider: <unnamed-provider>
1505631373468	addons.manager	DEBUG	Registering shutdown blocker for <unnamed-provider>
1505631373468	addons.manager	DEBUG	Provider finished startup: <unnamed-provider>
1505631373469	addons.xpi	INFO	Mapping activity-stream@mozilla.org to C:\Program Files (x86)\Mozilla Firefox\browser\features\activity-stream@mozilla.org.xpi
1505631373469	addons.xpi	INFO	Mapping aushelper@mozilla.org to C:\Program Files (x86)\Mozilla Firefox\browser\features\aushelper@mozilla.org.xpi
1505631373469	addons.xpi	INFO	Mapping clicktoplay-rollout@mozilla.org to C:\Program Files (x86)\Mozilla Firefox\browser\features\clicktoplay-rollout@mozilla.org.xpi
1505631373469	addons.xpi	INFO	Mapping e10srollout@mozilla.org to C:\Program Files (x86)\Mozilla Firefox\browser\features\e10srollout@mozilla.org.xpi
1505631373470	addons.xpi	INFO	Mapping firefox@getpocket.com to C:\Program Files (x86)\Mozilla Firefox\browser\features\firefox@getpocket.com.xpi
1505631373470	addons.xpi	INFO	Mapping followonsearch@mozilla.com to C:\Program Files (x86)\Mozilla Firefox\browser\features\followonsearch@mozilla.com.xpi
1505631373470	addons.xpi	INFO	Mapping formautofill@mozilla.org to C:\Program Files (x86)\Mozilla Firefox\browser\features\formautofill@mozilla.org.xpi
1505631373470	addons.xpi	INFO	Mapping onboarding@mozilla.org to C:\Program Files (x86)\Mozilla Firefox\browser\features\onboarding@mozilla.org.xpi
1505631373470	addons.xpi	INFO	Mapping screenshots@mozilla.org to C:\Program Files (x86)\Mozilla Firefox\browser\features\screenshots@mozilla.org.xpi
1505631373470	addons.xpi	INFO	Mapping shield-recipe-client@mozilla.org to C:\Program Files (x86)\Mozilla Firefox\browser\features\shield-recipe-client@mozilla.org.xpi
1505631373470	addons.xpi	INFO	Mapping webcompat@mozilla.org to C:\Program Files (x86)\Mozilla Firefox\browser\features\webcompat@mozilla.org.xpi
1505631373471	addons.xpi	DEBUG	Existing add-on activity-stream@mozilla.org in app-system-defaults
1505631373471	addons.xpi	DEBUG	Existing add-on aushelper@mozilla.org in app-system-defaults
1505631373471	addons.xpi	DEBUG	Existing add-on clicktoplay-rollout@mozilla.org in app-system-defaults
1505631373471	addons.xpi	DEBUG	Existing add-on e10srollout@mozilla.org in app-system-defaults
1505631373472	addons.xpi	DEBUG	Existing add-on firefox@getpocket.com in app-system-defaults
1505631373472	addons.xpi	DEBUG	Existing add-on followonsearch@mozilla.com in app-system-defaults
1505631373472	addons.xpi	DEBUG	Existing add-on formautofill@mozilla.org in app-system-defaults
1505631373472	addons.xpi	DEBUG	Existing add-on onboarding@mozilla.org in app-system-defaults
1505631373473	addons.xpi	DEBUG	Existing add-on screenshots@mozilla.org in app-system-defaults
1505631373473	addons.xpi	DEBUG	Existing add-on shield-recipe-client@mozilla.org in app-system-defaults
1505631373473	addons.xpi	DEBUG	Existing add-on webcompat@mozilla.org in app-system-defaults
1505631373473	addons.xpi	INFO	Mapping {972ce4c6-7e08-4474-a285-3208198ce6fd} to C:\Program Files (x86)\Mozilla Firefox\browser\extensions\{972ce4c6-7e08-4474-a285-3208198ce6fd}.xpi
1505631373474	addons.xpi	DEBUG	Existing add-on {972ce4c6-7e08-4474-a285-3208198ce6fd} in app-global
1505631373474	addons.xpi	DEBUG	getInstallState changed: false, state: {}
1505631373536	Marionette	INFO	Listening on port 10567
1505631373601	Marionette	WARN	TLS certificate errors will be ignored for this session
1505631373625	addons.productaddons	INFO	sending request to: https://aus5.mozilla.org/update/3/GMP/56.0/20170831165232/WINNT_x86-msvc-x64/en-US/beta/Windows_NT%206.1.1.0%20(x64)/default/default/update.xml
1505631373643	Marionette	DEBUG	Register listener.js for window 4294967297
1505631373668	Marionette	DEBUG	Received DOM event "beforeunload" for "about:blank"
1505631375362	DeferredSave.webext.sc.lz4	DEBUG	Starting write
1505631375405	DeferredSave.webext.sc.lz4	DEBUG	Write succeeded
1505631376467	addons.productaddons	INFO	Completed downloading document
1505631376744	Marionette	DEBUG	Received DOM event "pagehide" for "about:blank"
1505631376744	Marionette	DEBUG	Received DOM event "unload" for "about:blank"
1505631377623	Marionette	DEBUG	Received DOM event "DOMContentLoaded" for "https://www.facebook.com/"
1505631378840	addons.productaddons	INFO	downloadXHR File download. status=200
1505631378843	addons.productaddons	INFO	Downloaded file will be saved to C:\Users\Tomer\AppData\Local\Temp\tmpaddon-f9bb62
1505631378903	Marionette	DEBUG	Received DOM event "pageshow" for "https://www.facebook.com/"
1505631379336	Marionette	DEBUG	Received DOM event "beforeunload" for "https://www.facebook.com/"
1505631381572	Marionette	DEBUG	Received DOM event "pagehide" for "https://www.facebook.com/"
1505631381576	Marionette	DEBUG	Received DOM event "unload" for "https://www.facebook.com/"
1505631381839	Marionette	DEBUG	Received DOM event "DOMContentLoaded" for "https://www.facebook.com/login.php?login_attempt=1&lwv=110"
1505631381843	Marionette	DEBUG	Received observer notification "outer-window-destroyed" for "4294967301"
1505631382088	Marionette	DEBUG	Received DOM event "pageshow" for "https://www.facebook.com/login.php?login_attempt=1&lwv=110"
1505631382189	Marionette	INFO	New connections will no longer be accepted
1505631382211	addons.xpi	DEBUG	Calling bootstrap method shutdown on webcompat@mozilla.org version 1.1
1505631382211	addons.xpi	DEBUG	Calling bootstrap method shutdown on shield-recipe-client@mozilla.org version 65
1505631382214	addons.xpi	DEBUG	Calling bootstrap method shutdown on screenshots@mozilla.org version 10.12.0
1505631382220	addons.xpi	DEBUG	Calling bootstrap method shutdown on onboarding@mozilla.org version 0.1
1505631382220	addons.xpi	DEBUG	Calling bootstrap method shutdown on formautofill@mozilla.org version 1.0
1505631382221	addons.xpi	DEBUG	Calling bootstrap method shutdown on followonsearch@mozilla.com version 0.9.3
1505631382221	addons.xpi	DEBUG	Calling bootstrap method shutdown on firefox@getpocket.com version 1.0.5
1505631382222	addons.xpi	DEBUG	Calling bootstrap method shutdown on e10srollout@mozilla.org version 3.00
1505631382222	addons.xpi	DEBUG	Calling bootstrap method shutdown on clicktoplay-rollout@mozilla.org version 1.2
1505631382222	addons.xpi	DEBUG	Calling bootstrap method shutdown on aushelper@mozilla.org version 2.0
1505631382223	addons.xpi	DEBUG	Calling bootstrap method shutdown on activity-stream@mozilla.org version 0.0.0
[Parent 3892] WARNING: pipe error: 109: file z:/build/build/src/ipc/chromium/src/chrome/common/ipc_channel_win.cc, line 346
, line 346
[Child 9264] WARNING: pipe error: 109: file z:/build/build/src/ipc/chromium/src/chrome/common/ipc_channel_win.cc, line 346
[Child 7372] WARNING: pipe error: 109: file z:/build/build/src/ipc/chromium/src/chrome/common/ipc_channel_win.cc, line 346
1505475901918	addons.manager	DEBUG	shutdown
1505475901919	addons.manager	DEBUG	Calling shutdown blocker for XPIProvider
1505475901919	addons.xpi	DEBUG	shutdown
1505475901919	addons.xpi-utils	DEBUG	shutdown
1505475901920	addons.manager	DEBUG	Calling shutdown blocker for LightweightThemeManager
1505475901920	addons.manager	DEBUG	Calling shutdown blocker for GMPProvider
1505475901922	addons.manager	DEBUG	Calling shutdown blocker for PluginProvider
1505475901923	addons.manager	DEBUG	Calling shutdown blocker for PreviousExperimentProvider
1505475901924	addons.manager	DEBUG	Calling shutdown blocker for <unnamed-provider>
1505475901937	addons.manager	DEBUG	Async provider shutdown done
[GPU 6996] WARNING: pipe error: 109: file z:/build/build/src/ipc/chromium/src/chrome/common/ipc_channel_win.cc, line 346

###!!! [Child][MessageChannel::SendAndWait] Error: Channel error: cannot send/recv

